d:\experiments\cppwrapper\core\wrapper\debug\wrapper.pch
d:\experiments\cppwrapper\core\wrapper\debug\vc141.pdb
d:\experiments\cppwrapper\core\wrapper\debug\stdafx.obj
d:\experiments\cppwrapper\core\wrapper\debug\eventsrepository.obj
d:\experiments\cppwrapper\core\wrapper\debug\event.obj
d:\experiments\cppwrapper\core\wrapper\debug\wrapper.obj
d:\experiments\cppwrapper\core\wrapper\debug\assemblyinfo.obj
d:\experiments\cppwrapper\core\wrapper\debug\.netframework,version=v4.6.1.assemblyattributes.obj
d:\experiments\cppwrapper\core\wrapper\debug\.netframework,version=v4.6.1.assemblyattributes.asm
d:\experiments\cppwrapper\core\debug\wrapper.dll
d:\experiments\cppwrapper\core\debug\wrapper.pdb
d:\experiments\cppwrapper\core\wrapper\debug\app.res
d:\experiments\cppwrapper\core\debug\wrapper.lib
d:\experiments\cppwrapper\core\debug\wrapper.exp
d:\experiments\cppwrapper\core\wrapper\debug\wrapper.tlog\cl.command.1.tlog
d:\experiments\cppwrapper\core\wrapper\debug\wrapper.tlog\cl.read.1.tlog
d:\experiments\cppwrapper\core\wrapper\debug\wrapper.tlog\cl.write.1.tlog
d:\experiments\cppwrapper\core\wrapper\debug\wrapper.tlog\link.command.1.tlog
d:\experiments\cppwrapper\core\wrapper\debug\wrapper.tlog\link.read.1.tlog
d:\experiments\cppwrapper\core\wrapper\debug\wrapper.tlog\link.write.1.tlog
d:\experiments\cppwrapper\core\wrapper\debug\wrapper.tlog\metagen.read.1.tlog
d:\experiments\cppwrapper\core\wrapper\debug\wrapper.tlog\metagen.write.1.tlog
d:\experiments\cppwrapper\core\wrapper\debug\wrapper.tlog\rc.command.1.tlog
d:\experiments\cppwrapper\core\wrapper\debug\wrapper.tlog\rc.read.1.tlog
d:\experiments\cppwrapper\core\wrapper\debug\wrapper.tlog\rc.write.1.tlog
d:\experiments\cppwrapper\core\wrapper\debug\wrapper.tlog\wrapper.write.1u.tlog
d:\experiments\cppwrapper\core\wrapper\debug\wrapper.tlog\tzres.dll.bi
